<?xml version="1.0" encoding="UTF-8"?>
<!-- Generated by org.testng.reporters.JUnitReportReporter -->
<testsuite hostname="DESKTOP-19AF430" failures="0" tests="3" name="com.tutorials.qa.testcases.RegisterTest" time="24.461" errors="0" timestamp="2023-11-02T12:47:58 IST" skipped="0">
  <testcase classname="com.tutorials.qa.testcases.RegisterTest" name="verifyprovingallfeilds" time="8.662"/>
  <system-out/>
  <testcase classname="com.tutorials.qa.testcases.RegisterTest" name="verifywithonlymantodoryfileds" time="7.425"/>
  <system-out/>
  <testcase classname="com.tutorials.qa.testcases.RegisterTest" name="verifyregisterwithexistingemail" time="8.374"/>
  <system-out/>
</testsuite> <!-- com.tutorials.qa.testcases.RegisterTest -->
