<?xml version="1.0" encoding="UTF-8"?>
<!-- Generated by org.testng.reporters.JUnitReportReporter -->
<testsuite hostname="DESKTOP-UNTN0HS" failures="0" tests="5" name="com.tutorials.qa.testcases.datatest" time="96.225" errors="0" timestamp="2023-10-29T10:57:02 IST" skipped="0">
  <testcase classname="com.tutorials.qa.testcases.datatest" name="verfiyloginwithvaliddata" time="18.806"/>
  <system-out/>
  <testcase classname="com.tutorials.qa.testcases.datatest" name="verfiyloginwithvaliddata" time="20.171"/>
  <system-out/>
  <testcase classname="com.tutorials.qa.testcases.datatest" name="verfiyloginwithvaliddata" time="19.355"/>
  <system-out/>
  <testcase classname="com.tutorials.qa.testcases.datatest" name="verfiyloginwithvaliddata" time="18.687"/>
  <system-out/>
  <testcase classname="com.tutorials.qa.testcases.datatest" name="verfiyloginwithvaliddata" time="19.206"/>
  <system-out/>
</testsuite> <!-- com.tutorials.qa.testcases.datatest -->
