<?xml version="1.0" encoding="UTF-8"?>
<!-- Generated by org.testng.reporters.JUnitReportReporter -->
<testsuite hostname="DESKTOP-19AF430" failures="0" tests="4" name="com.tutorials.qa.testcases.LoginTest" time="27.413" errors="0" timestamp="2023-11-02T12:47:58 IST" skipped="0">
  <testcase classname="com.tutorials.qa.testcases.LoginTest" name="verifywithoutdata" time="6.282"/>
  <system-out/>
  <testcase classname="com.tutorials.qa.testcases.LoginTest" name="verfiyloginwithvaliddata" time="6.926"/>
  <system-out/>
  <testcase classname="com.tutorials.qa.testcases.LoginTest" name="verifyloginwithinvaliddata" time="8.106"/>
  <system-out/>
  <testcase classname="com.tutorials.qa.testcases.LoginTest" name="Verifywithvalidemailandinvalidpassword" time="6.099"/>
  <system-out/>
</testsuite> <!-- com.tutorials.qa.testcases.LoginTest -->
