<?xml version="1.0" encoding="UTF-8"?>
<!-- Generated by org.testng.reporters.JUnitReportReporter -->
<testsuite hostname="DESKTOP-19AF430" failures="0" tests="3" name="com.tutorials.qa.testcases.Search" time="26.820" errors="0" timestamp="2023-10-26T13:03:40 IST" skipped="0">
  <testcase classname="com.tutorials.qa.testcases.Search" name="verifywithvalidproduct" time="7.832"/>
  <system-out/>
  <testcase classname="com.tutorials.qa.testcases.Search" name="verifywithoutnameproduct" time="9.069"/>
  <system-out/>
  <testcase classname="com.tutorials.qa.testcases.Search" name="verifywithinvalidproduct" time="9.919"/>
  <system-out/>
</testsuite> <!-- com.tutorials.qa.testcases.Search -->
