<?xml version="1.0" encoding="UTF-8"?>
<!-- Generated by org.testng.reporters.JUnitReportReporter -->
<testsuite hostname="DESKTOP-19AF430" failures="0" tests="9" name="experiments.dataProviderExample" time="0.056" errors="0" timestamp="2023-12-08T09:49:49 IST" skipped="0">
  <testcase classname="experiments.dataProviderExample" name="test1" time="0.004"/>
  <system-out/>
  <testcase classname="experiments.dataProviderExample" name="test1" time="0.006"/>
  <system-out/>
  <testcase classname="experiments.dataProviderExample" name="test1" time="0.004"/>
  <system-out/>
  <testcase classname="experiments.dataProviderExample" name="test1" time="0.003"/>
  <system-out/>
  <testcase classname="experiments.dataProviderExample" name="test1" time="0.009"/>
  <system-out/>
  <testcase classname="experiments.dataProviderExample" name="test1" time="0.007"/>
  <system-out/>
  <testcase classname="experiments.dataProviderExample" name="test1" time="0.002"/>
  <system-out/>
  <testcase classname="experiments.dataProviderExample" name="test1" time="0.006"/>
  <system-out/>
  <testcase classname="experiments.dataProviderExample" name="test1" time="0.015"/>
  <system-out/>
</testsuite> <!-- experiments.dataProviderExample -->
