<?xml version="1.0" encoding="UTF-8"?>
<!-- Generated by org.testng.reporters.JUnitReportReporter -->
<testsuite hostname="DESKTOP-UNTN0HS" failures="0" tests="1" name="experiments.TableListFromWebToExcel" time="82.711" errors="0" timestamp="2023-10-29T11:50:39 IST" skipped="0">
  <testcase classname="experiments.TableListFromWebToExcel" name="extractTableDataAndWriteToExcel" time="82.711"/>
  <system-out/>
</testsuite> <!-- experiments.TableListFromWebToExcel -->
