<?xml version="1.0" encoding="UTF-8"?>
<!-- Generated by org.testng.reporters.JUnitReportReporter -->
<testsuite hostname="DESKTOP-19AF430" failures="0" tests="3" name="com.tutorials.qa.testcases.SearchTest" time="17.415" errors="0" timestamp="2023-11-02T12:47:58 IST" skipped="0">
  <testcase classname="com.tutorials.qa.testcases.SearchTest" name="verifywithvalidproduct" time="5.869"/>
  <system-out/>
  <testcase classname="com.tutorials.qa.testcases.SearchTest" name="verifywithinvalidproduct" time="5.709"/>
  <system-out/>
  <testcase classname="com.tutorials.qa.testcases.SearchTest" name="verifywithoutnameproduct" time="5.837"/>
  <system-out/>
</testsuite> <!-- com.tutorials.qa.testcases.SearchTest -->
