<?xml version="1.0" encoding="UTF-8"?>
<!-- Generated by org.testng.reporters.JUnitReportReporter -->
<testsuite hostname="DESKTOP-19AF430" failures="0" tests="4" name="com.tutorials.qa.testcases.Login" time="23.573" errors="0" timestamp="2023-10-26T08:33:09 IST" skipped="0">
  <testcase classname="com.tutorials.qa.testcases.Login" name="Verifywithvalidemailandinvalidpassword" time="6.529"/>
  <system-out/>
  <testcase classname="com.tutorials.qa.testcases.Login" name="verfiyloginwithvaliddata" time="6.198"/>
  <system-out/>
  <testcase classname="com.tutorials.qa.testcases.Login" name="verifywithoutdata" time="5.129"/>
  <system-out/>
  <testcase classname="com.tutorials.qa.testcases.Login" name="verifyloginwithinvaliddata" time="5.717"/>
  <system-out/>
</testsuite> <!-- com.tutorials.qa.testcases.Login -->
