<?xml version="1.0" encoding="UTF-8"?>
<!-- Generated by org.testng.reporters.JUnitReportReporter -->
<testsuite hostname="DESKTOP-19AF430" failures="0" tests="4" name="experiments.testngpriority" time="0.025" errors="0" timestamp="2023-12-19T07:54:49 IST" skipped="0">
  <testcase classname="experiments.testngpriority" name="a" time="0.013"/>
  <system-out/>
  <testcase classname="experiments.testngpriority" name="d" time="0.005"/>
  <system-out/>
  <testcase classname="experiments.testngpriority" name="c" time="0.003"/>
  <system-out/>
  <testcase classname="experiments.testngpriority" name="b" time="0.004"/>
  <system-out/>
</testsuite> <!-- experiments.testngpriority -->
