<?xml version="1.0" encoding="UTF-8"?>
<!-- Generated by org.testng.reporters.JUnitReportReporter -->
<testsuite hostname="DESKTOP-19AF430" failures="0" tests="3" name="com.tutorials.qa.testcases.Search" time="52.549" errors="0" timestamp="2023-11-01T08:09:53 IST" skipped="0">
  <testcase classname="com.tutorials.qa.testcases.Search" name="verifywithinvalidproduct" time="7.558"/>
  <system-out/>
  <testcase classname="com.tutorials.qa.testcases.Search" name="verifywithvalidproduct" time="6.454"/>
  <system-out/>
  <testcase classname="com.tutorials.qa.testcases.Search" name="verifywithoutnameproduct" time="38.537"/>
  <system-out/>
</testsuite> <!-- com.tutorials.qa.testcases.Search -->
