<?xml version="1.0" encoding="UTF-8"?>
<!-- Generated by org.testng.reporters.JUnitReportReporter -->
<testsuite hostname="DESKTOP-19AF430" failures="0" tests="1" name="com.tutorials.qa.testcases.Register" time="7.842" errors="0" timestamp="2023-10-26T07:48:16 IST" skipped="0">
  <testcase classname="com.tutorials.qa.testcases.Register" name="verifywithonlymantodoryfileds" time="7.842"/>
  <system-out/>
</testsuite> <!-- com.tutorials.qa.testcases.Register -->
