<?xml version="1.0" encoding="UTF-8"?>
<!-- Generated by org.testng.reporters.JUnitReportReporter -->
<testsuite hostname="DESKTOP-19AF430" failures="0" tests="2" name="experiments.Child1Test" time="0.031" errors="0" timestamp="2023-12-15T11:33:09 IST" skipped="0">
  <testcase classname="experiments.Child1Test" name="parent1" time="0.020"/>
  <system-out/>
  <testcase classname="experiments.Child1Test" name="child1" time="0.011"/>
  <system-out/>
</testsuite> <!-- experiments.Child1Test -->
