<?xml version="1.0" encoding="UTF-8"?>
<!-- Generated by org.testng.reporters.JUnitReportReporter -->
<testsuite hostname="DESKTOP-19AF430" failures="0" tests="3" name="com.tutorials.qa.testcases.Register" time="22.591" errors="0" timestamp="2023-10-25T09:36:38 IST" skipped="0">
  <testcase classname="com.tutorials.qa.testcases.Register" name="verifywithonlymantodoryfileds" time="7.121"/>
  <system-out/>
  <testcase classname="com.tutorials.qa.testcases.Register" name="verifyprovingallfeilds" time="7.447"/>
  <system-out/>
  <testcase classname="com.tutorials.qa.testcases.Register" name="verifyregisterwithexistingemail" time="8.023"/>
  <system-out/>
</testsuite> <!-- com.tutorials.qa.testcases.Register -->
