<?xml version="1.0" encoding="UTF-8"?>
<!-- Generated by org.testng.reporters.JUnitReportReporter -->
<testsuite hostname="DESKTOP-19AF430" failures="0" tests="5" name="com.tutorials.qa.testcases.HRMStest" time="24.210" errors="0" timestamp="2023-11-29T09:44:27 IST" skipped="2">
  <testcase classname="com.tutorials.qa.testcases.HRMStest" name="homapagelogin" time="9.548"/>
  <system-out/>
  <testcase classname="com.tutorials.qa.testcases.HRMStest" name="homapagelogin" time="7.839"/>
  <system-out/>
  <testcase classname="com.tutorials.qa.testcases.HRMStest" name="homapagelogin" time="6.823"/>
  <system-out/>
  <testcase classname="com.tutorials.qa.testcases.HRMStest" name="logout">
    <skipped/>
  </testcase> <!-- logout -->
  <system-out/>
  <testcase classname="com.tutorials.qa.testcases.HRMStest" name="login">
    <skipped/>
  </testcase> <!-- login -->
  <system-out/>
</testsuite> <!-- com.tutorials.qa.testcases.HRMStest -->
