<?xml version="1.0" encoding="UTF-8"?>
<!-- Generated by org.testng.reporters.JUnitReportReporter -->
<testsuite hostname="DESKTOP-19AF430" failures="0" tests="4" name="com.tutorials.qa.testcases.Login" time="24.002" errors="0" timestamp="2023-10-25T08:09:35 IST" skipped="0">
  <testcase classname="com.tutorials.qa.testcases.Login" name="Verifywithvalidemailandinvalidpassword" time="7.273"/>
  <system-out/>
  <testcase classname="com.tutorials.qa.testcases.Login" name="verifywithoutdata" time="4.964"/>
  <system-out/>
  <testcase classname="com.tutorials.qa.testcases.Login" name="verifyloginwithinvaliddata" time="5.397"/>
  <system-out/>
  <testcase classname="com.tutorials.qa.testcases.Login" name="verfiyloginwithvaliddata" time="6.368"/>
  <system-out/>
</testsuite> <!-- com.tutorials.qa.testcases.Login -->
