<?xml version="1.0" encoding="UTF-8"?>
<!-- Generated by org.testng.reporters.JUnitReportReporter -->
<testsuite hostname="DESKTOP-19AF430" failures="0" tests="3" name="com.tutorials.qa.testcases.Register" time="21.608" errors="0" timestamp="2023-10-26T08:33:09 IST" skipped="0">
  <testcase classname="com.tutorials.qa.testcases.Register" name="verifyprovingallfeilds" time="8.317"/>
  <system-out/>
  <testcase classname="com.tutorials.qa.testcases.Register" name="verifyregisterwithexistingemail" time="6.269"/>
  <system-out/>
  <testcase classname="com.tutorials.qa.testcases.Register" name="verifywithonlymantodoryfileds" time="7.022"/>
  <system-out/>
</testsuite> <!-- com.tutorials.qa.testcases.Register -->
