<?xml version="1.0" encoding="UTF-8"?>
<!-- Generated by org.testng.reporters.JUnitReportReporter -->
<testsuite hostname="DESKTOP-19AF430" failures="0" tests="4" name="experiments.testng" time="0.030" errors="0" timestamp="2023-12-19T07:49:52 IST" skipped="0">
  <testcase classname="experiments.testng" name="c" time="0.003"/>
  <system-out/>
  <testcase classname="experiments.testng" name="d" time="0.005"/>
  <system-out/>
  <testcase classname="experiments.testng" name="a" time="0.015"/>
  <system-out/>
  <testcase classname="experiments.testng" name="b" time="0.007"/>
  <system-out/>
</testsuite> <!-- experiments.testng -->
