<?xml version="1.0" encoding="UTF-8"?>
<!-- Generated by org.testng.reporters.JUnitReportReporter -->
<testsuite hostname="DESKTOP-19AF430" failures="0" tests="4" name="com.tutorials.qa.testcases.Login" time="44.176" errors="0" timestamp="2023-10-26T13:03:40 IST" skipped="0">
  <testcase classname="com.tutorials.qa.testcases.Login" name="verifywithoutdata" time="7.291"/>
  <system-out/>
  <testcase classname="com.tutorials.qa.testcases.Login" name="Verifywithvalidemailandinvalidpassword" time="7.188"/>
  <system-out/>
  <testcase classname="com.tutorials.qa.testcases.Login" name="verifyloginwithinvaliddata" time="14.692"/>
  <system-out/>
  <testcase classname="com.tutorials.qa.testcases.Login" name="verfiyloginwithvaliddata" time="15.005"/>
  <system-out/>
</testsuite> <!-- com.tutorials.qa.testcases.Login -->
