<?xml version="1.0" encoding="UTF-8"?>
<!-- Generated by org.testng.reporters.JUnitReportReporter -->
<testsuite hostname="DESKTOP-19AF430" failures="0" tests="1" name="experiments.TableDataAndWrite" time="15.515" errors="0" timestamp="2023-12-06T10:11:58 IST" skipped="0">
  <testcase classname="experiments.TableDataAndWrite" name="TableDataAndWrite" time="15.515"/>
  <system-out/>
</testsuite> <!-- experiments.TableDataAndWrite -->
