<?xml version="1.0" encoding="UTF-8"?>
<!-- Generated by org.testng.reporters.JUnitReportReporter -->
<testsuite hostname="DESKTOP-19AF430" failures="0" tests="4" name="com.tutorials.qa.testcases.Login" time="26.606" errors="0" timestamp="2023-11-01T08:09:53 IST" skipped="0">
  <testcase classname="com.tutorials.qa.testcases.Login" name="verifyloginwithinvaliddata" time="6.912"/>
  <system-out/>
  <testcase classname="com.tutorials.qa.testcases.Login" name="Verifywithvalidemailandinvalidpassword" time="6.564"/>
  <system-out/>
  <testcase classname="com.tutorials.qa.testcases.Login" name="verfiyloginwithvaliddata" time="6.935"/>
  <system-out/>
  <testcase classname="com.tutorials.qa.testcases.Login" name="verifywithoutdata" time="6.195"/>
  <system-out/>
</testsuite> <!-- com.tutorials.qa.testcases.Login -->
