<?xml version="1.0" encoding="UTF-8"?>
<!-- Generated by org.testng.reporters.JUnitReportReporter -->
<testsuite hostname="DESKTOP-19AF430" failures="0" tests="4" name="com.tutorials.qa.testcases.Login" time="26.747" errors="0" timestamp="2023-10-26T07:41:39 IST" skipped="0">
  <testcase classname="com.tutorials.qa.testcases.Login" name="Verifywithvalidemailandinvalidpassword" time="6.732"/>
  <system-out/>
  <testcase classname="com.tutorials.qa.testcases.Login" name="verfiyloginwithvaliddata" time="6.673"/>
  <system-out/>
  <testcase classname="com.tutorials.qa.testcases.Login" name="verifywithoutdata" time="6.387"/>
  <system-out/>
  <testcase classname="com.tutorials.qa.testcases.Login" name="verifyloginwithinvaliddata" time="6.955"/>
  <system-out/>
</testsuite> <!-- com.tutorials.qa.testcases.Login -->
