<?xml version="1.0" encoding="UTF-8"?>
<!-- Generated by org.testng.reporters.JUnitReportReporter -->
<testsuite hostname="DESKTOP-19AF430" failures="0" tests="4" name="com.tutorials.qa.testcases.LoginTest" time="31.593" errors="0" timestamp="2023-12-15T11:35:43 IST" skipped="0">
  <testcase classname="com.tutorials.qa.testcases.LoginTest" name="verifywithoutdata" time="8.096"/>
  <system-out/>
  <testcase classname="com.tutorials.qa.testcases.LoginTest" name="verfiyloginwithvaliddata" time="8.976"/>
  <system-out/>
  <testcase classname="com.tutorials.qa.testcases.LoginTest" name="verifyloginwithinvaliddata" time="6.882"/>
  <system-out/>
  <testcase classname="com.tutorials.qa.testcases.LoginTest" name="Verifywithvalidemailandinvalidpassword" time="7.639"/>
  <system-out/>
</testsuite> <!-- com.tutorials.qa.testcases.LoginTest -->
