<?xml version="1.0" encoding="UTF-8"?>
<!-- Generated by org.testng.reporters.JUnitReportReporter -->
<testsuite hostname="DESKTOP-19AF430" failures="0" tests="3" name="com.tutorials.qa.testcases.SearchTest" time="18.591" errors="0" timestamp="2023-12-15T11:35:43 IST" skipped="0">
  <testcase classname="com.tutorials.qa.testcases.SearchTest" name="verifywithvalidproduct" time="6.058"/>
  <system-out/>
  <testcase classname="com.tutorials.qa.testcases.SearchTest" name="verifywithinvalidproduct" time="6.865"/>
  <system-out/>
  <testcase classname="com.tutorials.qa.testcases.SearchTest" name="verifywithoutnameproduct" time="5.668"/>
  <system-out/>
</testsuite> <!-- com.tutorials.qa.testcases.SearchTest -->
