<?xml version="1.0" encoding="UTF-8"?>
<!-- Generated by org.testng.reporters.JUnitReportReporter -->
<testsuite hostname="DESKTOP-19AF430" failures="0" tests="3" name="com.tutorials.qa.testcases.Search" time="18.824" errors="0" timestamp="2023-10-24T12:09:02 IST" skipped="0">
  <testcase classname="com.tutorials.qa.testcases.Search" name="verifywithvalidproduct" time="6.181"/>
  <system-out/>
  <testcase classname="com.tutorials.qa.testcases.Search" name="verifywithinvalidproduct" time="6.529"/>
  <system-out/>
  <testcase classname="com.tutorials.qa.testcases.Search" name="verifywithoutnameproduct" time="6.114"/>
  <system-out/>
</testsuite> <!-- com.tutorials.qa.testcases.Search -->
