<?xml version="1.0" encoding="UTF-8"?>
<!-- Generated by org.testng.reporters.JUnitReportReporter -->
<testsuite hostname="DESKTOP-19AF430" failures="0" tests="3" name="com.tutorials.qa.testcases.Register" time="21.721" errors="0" timestamp="2023-11-01T08:09:53 IST" skipped="0">
  <testcase classname="com.tutorials.qa.testcases.Register" name="verifyregisterwithexistingemail" time="6.980"/>
  <system-out/>
  <testcase classname="com.tutorials.qa.testcases.Register" name="verifywithonlymantodoryfileds" time="7.112"/>
  <system-out/>
  <testcase classname="com.tutorials.qa.testcases.Register" name="verifyprovingallfeilds" time="7.629"/>
  <system-out/>
</testsuite> <!-- com.tutorials.qa.testcases.Register -->
