<?xml version="1.0" encoding="UTF-8"?>
<!-- Generated by org.testng.reporters.JUnitReportReporter -->
<testsuite hostname="DESKTOP-19AF430" failures="0" tests="2" name="experiments.Child2Test" time="0.016" errors="0" timestamp="2023-12-15T11:33:09 IST" skipped="0">
  <testcase classname="experiments.Child2Test" name="parent2" time="0.010"/>
  <system-out/>
  <testcase classname="experiments.Child2Test" name="child2" time="0.006"/>
  <system-out/>
</testsuite> <!-- experiments.Child2Test -->
