<?xml version="1.0" encoding="UTF-8"?>
<!-- Generated by org.testng.reporters.JUnitReportReporter -->
<testsuite hostname="DESKTOP-UNTN0HS" failures="0" tests="1" name="experiments.listfromwebtoexcel" time="19.994" errors="0" timestamp="2023-10-29T11:27:38 IST" skipped="0">
  <testcase classname="experiments.listfromwebtoexcel" name="getetext" time="19.994"/>
  <system-out/>
</testsuite> <!-- experiments.listfromwebtoexcel -->
