<?xml version="1.0" encoding="UTF-8"?>
<!-- Generated by org.testng.reporters.JUnitReportReporter -->
<testsuite hostname="DESKTOP-19AF430" failures="0" tests="3" name="com.tutorials.qa.testcases.Register" time="38.983" errors="0" timestamp="2023-10-26T13:03:40 IST" skipped="0">
  <testcase classname="com.tutorials.qa.testcases.Register" name="verifyregisterwithexistingemail" time="9.551"/>
  <system-out/>
  <testcase classname="com.tutorials.qa.testcases.Register" name="verifywithonlymantodoryfileds" time="12.698"/>
  <system-out/>
  <testcase classname="com.tutorials.qa.testcases.Register" name="verifyprovingallfeilds" time="16.734"/>
  <system-out/>
</testsuite> <!-- com.tutorials.qa.testcases.Register -->
