<?xml version="1.0" encoding="UTF-8"?>
<!-- Generated by org.testng.reporters.JUnitReportReporter -->
<testsuite hostname="DESKTOP-19AF430" failures="0" tests="3" name="com.tutorials.qa.testcases.RegisterTest" time="50.922" errors="0" timestamp="2023-12-15T11:35:43 IST" skipped="0">
  <testcase classname="com.tutorials.qa.testcases.RegisterTest" name="verifyprovingallfeilds" time="13.328"/>
  <system-out/>
  <testcase classname="com.tutorials.qa.testcases.RegisterTest" name="verifywithonlymantodoryfileds" time="29.536"/>
  <system-out/>
  <testcase classname="com.tutorials.qa.testcases.RegisterTest" name="verifyregisterwithexistingemail" time="8.058"/>
  <system-out/>
</testsuite> <!-- com.tutorials.qa.testcases.RegisterTest -->
