<?xml version="1.0" encoding="UTF-8"?>
<!-- Generated by org.testng.reporters.JUnitReportReporter -->
<testsuite hostname="DESKTOP-19AF430" failures="0" tests="3" name="com.tutorials.qa.testcases.Search" time="23.700" errors="0" timestamp="2023-10-26T07:51:35 IST" skipped="0">
  <testcase classname="com.tutorials.qa.testcases.Search" name="verifywithoutnameproduct" time="6.325"/>
  <system-out/>
  <testcase classname="com.tutorials.qa.testcases.Search" name="verifywithvalidproduct" time="8.578"/>
  <system-out/>
  <testcase classname="com.tutorials.qa.testcases.Search" name="verifywithinvalidproduct" time="8.797"/>
  <system-out/>
</testsuite> <!-- com.tutorials.qa.testcases.Search -->
