<?xml version="1.0" encoding="UTF-8"?>
<!-- Generated by org.testng.reporters.JUnitReportReporter -->
<testsuite hostname="DESKTOP-19AF430" failures="0" tests="3" name="com.tutorials.qa.testcases.Search" time="14.755" errors="0" timestamp="2023-10-26T08:33:09 IST" skipped="0">
  <testcase classname="com.tutorials.qa.testcases.Search" name="verifywithinvalidproduct" time="4.906"/>
  <system-out/>
  <testcase classname="com.tutorials.qa.testcases.Search" name="verifywithvalidproduct" time="4.875"/>
  <system-out/>
  <testcase classname="com.tutorials.qa.testcases.Search" name="verifywithoutnameproduct" time="4.974"/>
  <system-out/>
</testsuite> <!-- com.tutorials.qa.testcases.Search -->
